2025-06-10 05:53:43,215 ERROR: Request Headers: {'Host': '127.0.0.1:5000', 'Connection': 'keep-alive', 'Content-Length': '65', 'Cache-Control': 'max-age=0', 'Sec-Ch-Ua': '"Google Chrome";v="137", "Chromium";v="137", "Not/A)Brand";v="24"', 'Sec-Ch-Ua-Mobile': '?0', 'Sec-Ch-Ua-Platform': '"macOS"', 'Origin': 'http://127.0.0.1:5000', 'Content-Type': 'application/x-www-form-urlencoded', 'Upgrade-Insecure-Requests': '1', 'User-Agent': 'Mozilla/5.0 (Macintosh; Intel Mac OS X 10_15_7) AppleWebKit/537.36 (KHTML, like Gecko) Chrome/137.0.0.0 Safari/537.36', 'Accept': 'text/html,application/xhtml+xml,application/xml;q=0.9,image/avif,image/webp,image/apng,*/*;q=0.8,application/signed-exchange;v=b3;q=0.7', 'Sec-Fetch-Site': 'same-origin', 'Sec-Fetch-Mode': 'navigate', 'Sec-Fetch-User': '?1', 'Sec-Fetch-Dest': 'document', 'Referer': 'http://127.0.0.1:5000/sales/lead/1', 'Accept-Encoding': 'gzip, deflate, br, zstd', 'Accept-Language': 'en-IN,en;q=0.9,hi-IN;q=0.8,hi;q=0.7,en-GB;q=0.6,en-US;q=0.5', 'Cookie': 'session=.eJwljkFqBEEIAP_S5xxstbXdzwxtqyQEEpjZPYX8PQM5VkFB_bSjzrze2-N5vvKtHR_RHs1SF62xO3tXgKGFC7fGmgrDw9MVN6pRIXRLFlrLtWho5uTlvnluyFkRQ1jJRmRoB-k0MUS6UC5fxu7Qne-McgCgemGEUrtHXlee_zf9xn2ddTy_P_PrFrmLLTcT0PQ-cAlLbTUjmgwp5hUoZO33DxlUP0o.aEd66w.k1t1PdyMeL8-hn_HYa5gkJCPRFg'} [in /Users/deveshmalu/HRMSV3/HRMSV3_optimized/app/__init__.py:47]
2025-06-10 05:53:43,221 ERROR: Request Form Data: ImmutableMultiDict([('interaction_type', 'Call'), ('description', 'sdffs'), ('next_follow_up', '2025-06-11')]) [in /Users/deveshmalu/HRMSV3/HRMSV3_optimized/app/__init__.py:48]
2025-06-10 05:56:05,706 INFO: Application startup [in /Users/deveshmalu/HRMSV3/HRMSV3_optimized/app/utils/logger.py:55]
2025-06-10 05:56:05,950 INFO: Application startup [in /Users/deveshmalu/HRMSV3/HRMSV3_optimized/app/utils/logger.py:55]
2025-06-10 06:04:11,320 INFO: Application startup [in /Users/deveshmalu/HRMSV3/HRMSV3_optimized/app/utils/logger.py:55]
2025-06-10 06:05:17,350 INFO: Application startup [in /Users/deveshmalu/HRMSV3/HRMSV3_optimized/app/utils/logger.py:55]
2025-06-10 06:05:28,066 INFO: Application startup [in /Users/deveshmalu/HRMSV3/HRMSV3_optimized/app/utils/logger.py:55]
2025-06-10 06:06:34,983 INFO: Application startup [in /Users/deveshmalu/HRMSV3/HRMSV3_optimized/app/utils/logger.py:55]
2025-06-10 06:06:48,869 INFO: Application startup [in /Users/deveshmalu/HRMSV3/HRMSV3_optimized/app/utils/logger.py:55]
2025-06-10 06:23:49,020 INFO: Application startup [in /Users/deveshmalu/HRMSV3/HRMSV3_optimized/app/utils/logger.py:55]
2025-06-10 06:24:49,126 INFO: Application startup [in /Users/deveshmalu/HRMSV3/HRMSV3_optimized/app/utils/logger.py:55]
2025-06-10 06:26:03,686 INFO: Application startup [in /Users/deveshmalu/HRMSV3/HRMSV3_optimized/app/utils/logger.py:55]
2025-06-10 06:28:19,176 INFO: Application startup [in /Users/deveshmalu/HRMSV3/HRMSV3_optimized/app/utils/logger.py:55]
2025-06-10 06:29:20,714 INFO: Application startup [in /Users/deveshmalu/HRMSV3/HRMSV3_optimized/app/utils/logger.py:55]
2025-06-10 13:16:00,571 INFO: Application startup [in /Users/deveshmalu/HRMSV3/HRMSV3_optimized/app/utils/logger.py:55]
2025-06-10 13:16:00,851 INFO: Application startup [in /Users/deveshmalu/HRMSV3/HRMSV3_optimized/app/utils/logger.py:55]
2025-06-10 20:36:08,267 INFO: Application startup [in /Users/deveshmalu/HRMSV3/HRMSV3_optimized/app/utils/logger.py:55]
2025-06-10 20:36:08,545 INFO: Application startup [in /Users/deveshmalu/HRMSV3/HRMSV3_optimized/app/utils/logger.py:55]
2025-06-10 20:48:21,632 INFO: Application startup [in /Users/deveshmalu/HRMSV3/HRMSV3_optimized/app/utils/logger.py:55]
2025-06-10 20:48:25,118 INFO: Application startup [in /Users/deveshmalu/HRMSV3/HRMSV3_optimized/app/utils/logger.py:55]
2025-06-10 20:48:29,622 INFO: Application startup [in /Users/deveshmalu/HRMSV3/HRMSV3_optimized/app/utils/logger.py:55]
2025-06-10 20:48:38,215 INFO: Application startup [in /Users/deveshmalu/HRMSV3/HRMSV3_optimized/app/utils/logger.py:55]
2025-06-10 20:48:40,657 INFO: Application startup [in /Users/deveshmalu/HRMSV3/HRMSV3_optimized/app/utils/logger.py:55]
2025-06-10 20:48:46,179 INFO: Application startup [in /Users/deveshmalu/HRMSV3/HRMSV3_optimized/app/utils/logger.py:55]
2025-06-10 20:48:48,627 INFO: Application startup [in /Users/deveshmalu/HRMSV3/HRMSV3_optimized/app/utils/logger.py:55]
2025-06-10 20:48:54,136 INFO: Application startup [in /Users/deveshmalu/HRMSV3/HRMSV3_optimized/app/utils/logger.py:55]
2025-06-10 20:49:00,727 INFO: Application startup [in /Users/deveshmalu/HRMSV3/HRMSV3_optimized/app/utils/logger.py:55]
2025-06-10 20:49:03,132 INFO: Application startup [in /Users/deveshmalu/HRMSV3/HRMSV3_optimized/app/utils/logger.py:55]
2025-06-10 20:49:07,606 INFO: Application startup [in /Users/deveshmalu/HRMSV3/HRMSV3_optimized/app/utils/logger.py:55]
2025-06-10 20:49:11,085 INFO: Application startup [in /Users/deveshmalu/HRMSV3/HRMSV3_optimized/app/utils/logger.py:55]
2025-06-10 20:50:03,136 INFO: Application startup [in /Users/deveshmalu/HRMSV3/HRMSV3_optimized/app/utils/logger.py:55]
2025-06-10 20:50:15,832 INFO: Application startup [in /Users/deveshmalu/HRMSV3/HRMSV3_optimized/app/utils/logger.py:55]
2025-06-10 20:50:32,760 INFO: Application startup [in /Users/deveshmalu/HRMSV3/HRMSV3_optimized/app/utils/logger.py:55]
2025-06-10 20:51:11,404 INFO: Application startup [in /Users/deveshmalu/HRMSV3/HRMSV3_optimized/app/utils/logger.py:55]
2025-06-10 20:51:13,859 INFO: Application startup [in /Users/deveshmalu/HRMSV3/HRMSV3_optimized/app/utils/logger.py:55]
2025-06-10 20:51:47,335 INFO: Application startup [in /Users/deveshmalu/HRMSV3/HRMSV3_optimized/app/utils/logger.py:55]
2025-06-10 20:52:09,053 INFO: Application startup [in /Users/deveshmalu/HRMSV3/HRMSV3_optimized/app/utils/logger.py:55]
2025-06-10 20:55:14,571 INFO: Application startup [in /Users/deveshmalu/HRMSV3/HRMSV3_optimized/app/utils/logger.py:55]
2025-06-10 20:55:14,861 INFO: Application startup [in /Users/deveshmalu/HRMSV3/HRMSV3_optimized/app/utils/logger.py:55]
2025-06-10 21:03:50,755 INFO: Application startup [in /Users/deveshmalu/HRMSV3/HRMSV3_optimized/app/utils/logger.py:55]
2025-06-10 21:07:36,623 INFO: Application startup [in /Users/deveshmalu/HRMSV3/HRMSV3_optimized/app/utils/logger.py:55]
2025-06-10 21:11:57,189 INFO: Application startup [in /Users/deveshmalu/HRMSV3/HRMSV3_optimized/app/utils/logger.py:55]
2025-06-10 21:11:57,473 INFO: Application startup [in /Users/deveshmalu/HRMSV3/HRMSV3_optimized/app/utils/logger.py:55]
2025-06-10 21:12:53,173 ERROR: CSRF Error: The CSRF token is missing. [in /Users/deveshmalu/HRMSV3/HRMSV3_optimized/app/__init__.py:45]
2025-06-10 21:12:53,174 ERROR: Request Method: POST [in /Users/deveshmalu/HRMSV3/HRMSV3_optimized/app/__init__.py:46]
2025-06-10 21:12:53,175 ERROR: Request Headers: {'Host': '127.0.0.1:5000', 'Connection': 'keep-alive', 'Content-Length': '119', 'Cache-Control': 'max-age=0', 'Sec-Ch-Ua': '"Google Chrome";v="137", "Chromium";v="137", "Not/A)Brand";v="24"', 'Sec-Ch-Ua-Mobile': '?0', 'Sec-Ch-Ua-Platform': '"macOS"', 'Origin': 'http://127.0.0.1:5000', 'Content-Type': 'application/x-www-form-urlencoded', 'Upgrade-Insecure-Requests': '1', 'User-Agent': 'Mozilla/5.0 (Macintosh; Intel Mac OS X 10_15_7) AppleWebKit/537.36 (KHTML, like Gecko) Chrome/137.0.0.0 Safari/537.36', 'Accept': 'text/html,application/xhtml+xml,application/xml;q=0.9,image/avif,image/webp,image/apng,*/*;q=0.8,application/signed-exchange;v=b3;q=0.7', 'Sec-Fetch-Site': 'same-origin', 'Sec-Fetch-Mode': 'navigate', 'Sec-Fetch-User': '?1', 'Sec-Fetch-Dest': 'document', 'Referer': 'http://127.0.0.1:5000/hr/my-calendar/add', 'Accept-Encoding': 'gzip, deflate, br, zstd', 'Accept-Language': 'en-IN,en;q=0.9,hi-IN;q=0.8,hi;q=0.7,en-GB;q=0.6,en-US;q=0.5', 'Cookie': 'session=.eJwljkFqBDEMBP_icw6SJbvt_cwgWTIJgQRmdk8hf89AjlVQUD_l2Gde7-XxPF_5Vo6PKI8yEybWFqsziBp2tboQNkDNw9NRV8WUXYlnahczx5aGzKHmvnQsyrEjWlfIbJEBps4yavTOXdLcproTu96ZZCOq8F0jIOUeeV15_t_wjes69_H8_syvWyR5EHeswTpoEY0ADGisqqS6Rk3sTeX3DwhWPs4.aEhSTg.11t4fmGWs5XQx2XC7IKggc5k6xs'} [in /Users/deveshmalu/HRMSV3/HRMSV3_optimized/app/__init__.py:47]
2025-06-10 21:12:53,175 ERROR: Request Form Data: ImmutableMultiDict([('title', 'asad'), ('description', 'sadsad'), ('event_type', 'Work'), ('priority', 'Medium'), ('event_date', '2025-06-11'), ('start_time', '10:14'), ('end_time', '11:12')]) [in /Users/deveshmalu/HRMSV3/HRMSV3_optimized/app/__init__.py:48]
2025-06-10 21:17:04,535 INFO: Application startup [in /Users/deveshmalu/HRMSV3/HRMSV3_optimized/app/utils/logger.py:55]
2025-06-10 21:20:36,827 INFO: Application startup [in /Users/deveshmalu/HRMSV3/HRMSV3_optimized/app/utils/logger.py:55]
2025-06-10 21:21:50,331 INFO: Application startup [in /Users/deveshmalu/HRMSV3/HRMSV3_optimized/app/utils/logger.py:55]
2025-06-10 21:22:34,439 INFO: Application startup [in /Users/deveshmalu/HRMSV3/HRMSV3_optimized/app/utils/logger.py:55]
2025-06-10 21:22:34,730 INFO: Application startup [in /Users/deveshmalu/HRMSV3/HRMSV3_optimized/app/utils/logger.py:55]
2025-06-10 21:58:15,043 INFO: Application startup [in /Users/deveshmalu/HRMSV3/HRMSV3_optimized/app/utils/logger.py:55]
2025-06-10 21:59:57,146 INFO: Application startup [in /Users/deveshmalu/HRMSV3/HRMSV3_optimized/app/utils/logger.py:55]
2025-06-10 22:00:09,933 INFO: Application startup [in /Users/deveshmalu/HRMSV3/HRMSV3_optimized/app/utils/logger.py:55]
